<?xml version="1.0" encoding="UTF-8"?>
<testng-results skipped="0" failed="0" ignored="0" total="1" passed="1">
  <reporter-output>
  </reporter-output>
  <suite name="Suite" duration-ms="7238" started-at="2018-08-16T11:14:23Z" finished-at="2018-08-16T11:14:30Z">
    <groups>
    </groups>
    <test name="Test" duration-ms="7238" started-at="2018-08-16T11:14:23Z" finished-at="2018-08-16T11:14:30Z">
      <class name="pkg1.LaunchGoogle">
        <test-method status="PASS" signature="launchgoogle()[pri:0, instance:pkg1.LaunchGoogle@2eee9593]" name="launchgoogle" duration-ms="7228" started-at="2018-08-16T16:44:23Z" finished-at="2018-08-16T16:44:30Z">
          <reporter-output>
          </reporter-output>
        </test-method> <!-- launchgoogle -->
      </class> <!-- pkg1.LaunchGoogle -->
    </test> <!-- Test -->
  </suite> <!-- Suite -->
</testng-results>
